Process AtariGame_ParallelWorker-9:
Process AtariGame_ParallelWorker-13:
Process AtariGame_ParallelWorker-11:
Traceback (most recent call last):
Traceback (most recent call last):
Traceback (most recent call last):
Process AtariGame_ParallelWorker-33:
  File "/usr/lib/python2.7/multiprocessing/process.py", line 258, in _bootstrap
  File "/usr/lib/python2.7/multiprocessing/process.py", line 258, in _bootstrap
  File "/usr/lib/python2.7/multiprocessing/process.py", line 258, in _bootstrap
Process AtariGame_ParallelWorker-7:
Process AtariGame_ParallelWorker-2:
Traceback (most recent call last):
Traceback (most recent call last):
Traceback (most recent call last):
Process AtariGame_ParallelWorker-29:
  File "/usr/lib/python2.7/multiprocessing/process.py", line 258, in _bootstrap
  File "/usr/lib/python2.7/multiprocessing/process.py", line 258, in _bootstrap
  File "/usr/lib/python2.7/multiprocessing/process.py", line 258, in _bootstrap
Traceback (most recent call last):
  File "/usr/lib/python2.7/multiprocessing/process.py", line 258, in _bootstrap
Process AtariGame_ParallelWorker-28:
    self.run()
    self.run()
    self.run()
Traceback (most recent call last):
  File "/home/yw/schoolWork/deepRL/DeepRL17/hw2/game_replay_parallel.py", line 172, in run
  File "/home/yw/schoolWork/deepRL/DeepRL17/hw2/game_replay_parallel.py", line 172, in run
  File "/home/yw/schoolWork/deepRL/DeepRL17/hw2/game_replay_parallel.py", line 172, in run
  File "/usr/lib/python2.7/multiprocessing/process.py", line 258, in _bootstrap
    self.run()
    self.run()
  File "/home/yw/schoolWork/deepRL/DeepRL17/hw2/game_replay_parallel.py", line 161, in run
    self.run()
  File "/home/yw/schoolWork/deepRL/DeepRL17/hw2/game_replay_parallel.py", line 172, in run
    self.run()
  File "/home/yw/schoolWork/deepRL/DeepRL17/hw2/game_replay_parallel.py", line 172, in run
  File "/home/yw/schoolWork/deepRL/DeepRL17/hw2/game_replay_parallel.py", line 172, in run
    self.take_rand_action(arg)
    self.take_rand_action(arg)
  File "/home/yw/schoolWork/deepRL/DeepRL17/hw2/game_replay_parallel.py", line 149, in take_rand_action
    self.take_rand_action(arg)
  File "/home/yw/schoolWork/deepRL/DeepRL17/hw2/game_replay_parallel.py", line 149, in take_rand_action
  File "/home/yw/schoolWork/deepRL/DeepRL17/hw2/game_replay_parallel.py", line 148, in take_rand_action
    self.take_action(action)
    self.take_action(action)
  File "/home/yw/schoolWork/deepRL/DeepRL17/hw2/game_replay_parallel.py", line 111, in take_action
  File "/home/yw/schoolWork/deepRL/DeepRL17/hw2/game_replay_parallel.py", line 111, in take_action
    action = self.prng.randint(self.game.action_n)
    self.store_frame[self.store_p] = process_frame_for_storage(ob)
    self.store_frame[self.store_p] = process_frame_for_storage(ob)
    command, arg = self.pipe.recv()
    self.take_rand_action(arg)
  File "/home/yw/schoolWork/deepRL/DeepRL17/hw2/game_replay_parallel.py", line 20, in process_frame_for_storage
  File "/home/yw/schoolWork/deepRL/DeepRL17/hw2/game_replay_parallel.py", line 20, in process_frame_for_storage
    self.run()
  File "/home/yw/schoolWork/deepRL/DeepRL17/hw2/game_replay_parallel.py", line 149, in take_rand_action
    self.take_rand_action(arg)
KeyboardInterrupt
    f = scipy.misc.imresize(f, downsampled_frame_size)
    f = scipy.misc.imresize(f, downsampled_frame_size)
    self.take_rand_action(arg)
  File "/home/yw/schoolWork/deepRL/DeepRL17/hw2/game_replay_parallel.py", line 172, in run
KeyboardInterrupt
  File "/home/yw/schoolWork/deepRL/DeepRL17/hw2/game_replay_parallel.py", line 149, in take_rand_action
    self.take_action(action)
  File "/usr/local/lib/python2.7/dist-packages/scipy/misc/pilutil.py", line 488, in imresize
  File "/usr/local/lib/python2.7/dist-packages/scipy/misc/pilutil.py", line 488, in imresize
  File "/home/yw/schoolWork/deepRL/DeepRL17/hw2/game_replay_parallel.py", line 149, in take_rand_action
  File "/home/yw/schoolWork/deepRL/DeepRL17/hw2/game_replay_parallel.py", line 111, in take_action
    self.take_action(action)
    self.take_action(action)
    self.store_frame[self.store_p] = process_frame_for_storage(ob)
  File "/home/yw/schoolWork/deepRL/DeepRL17/hw2/game_replay_parallel.py", line 111, in take_action
  File "/home/yw/schoolWork/deepRL/DeepRL17/hw2/game_replay_parallel.py", line 111, in take_action
  File "/home/yw/schoolWork/deepRL/DeepRL17/hw2/game_replay_parallel.py", line 19, in process_frame_for_storage
    self.store_frame[self.store_p] = process_frame_for_storage(ob)
    self.store_frame[self.store_p] = process_frame_for_storage(ob)
    f = np.mean(f, axis=2).round().astype(np.uint8)
  File "/home/yw/schoolWork/deepRL/DeepRL17/hw2/game_replay_parallel.py", line 20, in process_frame_for_storage
  File "/home/yw/schoolWork/deepRL/DeepRL17/hw2/game_replay_parallel.py", line 20, in process_frame_for_storage
  File "/usr/local/lib/python2.7/dist-packages/numpy/core/fromnumeric.py", line 2942, in mean
    f = scipy.misc.imresize(f, downsampled_frame_size)
    f = scipy.misc.imresize(f, downsampled_frame_size)
  File "/usr/local/lib/python2.7/dist-packages/scipy/misc/pilutil.py", line 488, in imresize
  File "/usr/local/lib/python2.7/dist-packages/scipy/misc/pilutil.py", line 478, in imresize
    self.take_rand_action(arg)
  File "/home/yw/schoolWork/deepRL/DeepRL17/hw2/game_replay_parallel.py", line 149, in take_rand_action
    self.take_action(action)
  File "/home/yw/schoolWork/deepRL/DeepRL17/hw2/game_replay_parallel.py", line 111, in take_action
    self.store_frame[self.store_p] = process_frame_for_storage(ob)
    imnew = im.resize(size, resample=func[interp])
    imnew = im.resize(size, resample=func[interp])
  File "/home/yw/schoolWork/deepRL/DeepRL17/hw2/game_replay_parallel.py", line 21, in process_frame_for_storage
  File "/usr/local/lib/python2.7/dist-packages/PIL/Image.py", line 1548, in resize
  File "/usr/local/lib/python2.7/dist-packages/PIL/Image.py", line 1548, in resize
    f = f[13:97, :].astype(np.uint8)
IndexError: too many indices for array
    imnew = im.resize(size, resample=func[interp])
    im = toimage(arr, mode=mode)
  File "/usr/local/lib/python2.7/dist-packages/PIL/Image.py", line 1548, in resize
  File "/usr/local/lib/python2.7/dist-packages/scipy/misc/pilutil.py", line 298, in toimage
    image = Image.frombytes('L', shape, bytedata.tostring())
  File "/usr/local/lib/python2.7/dist-packages/PIL/Image.py", line 2074, in frombytes
    out=out, **kwargs)
  File "/usr/local/lib/python2.7/dist-packages/numpy/core/_methods.py", line 65, in _mean
    return self._new(self.im.resize(size, resample))
    return self._new(self.im.resize(size, resample))
    return self._new(self.im.resize(size, resample))
KeyboardInterrupt
    ret = umr_sum(arr, axis, dtype, out, keepdims)
    im.frombytes(data, decoder_name, args)
  File "/usr/local/lib/python2.7/dist-packages/PIL/Image.py", line 734, in frombytes
KeyboardInterrupt
KeyboardInterrupt
    d = _getdecoder(self.mode, decoder_name, args)
KeyboardInterrupt
KeyboardInterrupt
Process AtariGame_ParallelWorker-22:
Process AtariGame_ParallelWorker-32:
Traceback (most recent call last):
Traceback (most recent call last):
  File "/usr/lib/python2.7/multiprocessing/process.py", line 258, in _bootstrap
  File "/usr/lib/python2.7/multiprocessing/process.py", line 258, in _bootstrap
Process AtariGame_ParallelWorker-21:
Process AtariGame_ParallelWorker-12:
Traceback (most recent call last):
Process AtariGame_ParallelWorker-10:
Process AtariGame_ParallelWorker-15:
Traceback (most recent call last):
  File "/usr/lib/python2.7/multiprocessing/process.py", line 258, in _bootstrap
Traceback (most recent call last):
Traceback (most recent call last):
    self.run()
    self.run()
  File "/usr/lib/python2.7/multiprocessing/process.py", line 258, in _bootstrap
  File "/home/yw/schoolWork/deepRL/DeepRL17/hw2/game_replay_parallel.py", line 172, in run
  File "/usr/lib/python2.7/multiprocessing/process.py", line 258, in _bootstrap
  File "/home/yw/schoolWork/deepRL/DeepRL17/hw2/game_replay_parallel.py", line 172, in run
  File "/usr/lib/python2.7/multiprocessing/process.py", line 258, in _bootstrap
    self.take_rand_action(arg)
    self.run()
    self.take_rand_action(arg)
  File "/home/yw/schoolWork/deepRL/DeepRL17/hw2/game_replay_parallel.py", line 149, in take_rand_action
  File "/home/yw/schoolWork/deepRL/DeepRL17/hw2/game_replay_parallel.py", line 172, in run
  File "/home/yw/schoolWork/deepRL/DeepRL17/hw2/game_replay_parallel.py", line 149, in take_rand_action
    self.run()
    self.run()
    self.take_action(action)
  File "/home/yw/schoolWork/deepRL/DeepRL17/hw2/game_replay_parallel.py", line 172, in run
  File "/home/yw/schoolWork/deepRL/DeepRL17/hw2/game_replay_parallel.py", line 109, in take_action
    self.take_action(action)
  File "/home/yw/schoolWork/deepRL/DeepRL17/hw2/game_replay_parallel.py", line 172, in run
    self.run()
  File "/home/yw/schoolWork/deepRL/DeepRL17/hw2/game_replay_parallel.py", line 111, in take_action
    ob, rew, is_new_ep = self.game.action(action)
  File "/home/yw/schoolWork/deepRL/DeepRL17/hw2/game_replay_parallel.py", line 45, in action
  File "/home/yw/schoolWork/deepRL/DeepRL17/hw2/game_replay_parallel.py", line 172, in run
    self.store_frame[self.store_p] = process_frame_for_storage(ob)
    ob, rew, done, _ = self.env.step(int(action))
  File "/home/yw/schoolWork/deepRL/DeepRL17/hw2/game_replay_parallel.py", line 21, in process_frame_for_storage
  File "/usr/local/lib/python2.7/dist-packages/gym/core.py", line 103, in step
    f = f[13:97, :].astype(np.uint8)
    self.take_rand_action(arg)
IndexError: too many indices for array
  File "/home/yw/schoolWork/deepRL/DeepRL17/hw2/game_replay_parallel.py", line 149, in take_rand_action
    self.take_rand_action(arg)
  File "/home/yw/schoolWork/deepRL/DeepRL17/hw2/game_replay_parallel.py", line 149, in take_rand_action
    self.take_action(action)
    self.take_rand_action(arg)
  File "/home/yw/schoolWork/deepRL/DeepRL17/hw2/game_replay_parallel.py", line 111, in take_action
    self.take_action(action)
  File "/home/yw/schoolWork/deepRL/DeepRL17/hw2/game_replay_parallel.py", line 149, in take_rand_action
  File "/home/yw/schoolWork/deepRL/DeepRL17/hw2/game_replay_parallel.py", line 109, in take_action
    self.store_frame[self.store_p] = process_frame_for_storage(ob)
    self.take_rand_action(arg)
    ob, rew, is_new_ep = self.game.action(action)
    self.take_action(action)
  File "/home/yw/schoolWork/deepRL/DeepRL17/hw2/game_replay_parallel.py", line 20, in process_frame_for_storage
  File "/home/yw/schoolWork/deepRL/DeepRL17/hw2/game_replay_parallel.py", line 45, in action
  File "/home/yw/schoolWork/deepRL/DeepRL17/hw2/game_replay_parallel.py", line 149, in take_rand_action
  File "/home/yw/schoolWork/deepRL/DeepRL17/hw2/game_replay_parallel.py", line 109, in take_action
    f = scipy.misc.imresize(f, downsampled_frame_size)
    ob, rew, done, _ = self.env.step(int(action))
    return self._step(action)
    ob, rew, is_new_ep = self.game.action(action)
    self.take_action(action)
  File "/usr/local/lib/python2.7/dist-packages/scipy/misc/pilutil.py", line 488, in imresize
  File "/usr/local/lib/python2.7/dist-packages/gym/core.py", line 103, in step
  File "/home/yw/schoolWork/deepRL/DeepRL17/hw2/game_replay_parallel.py", line 45, in action
  File "/usr/local/lib/python2.7/dist-packages/gym/wrappers/time_limit.py", line 36, in _step
  File "/home/yw/schoolWork/deepRL/DeepRL17/hw2/game_replay_parallel.py", line 109, in take_action
    ob, rew, done, _ = self.env.step(int(action))
    ob, rew, is_new_ep = self.game.action(action)
  File "/home/yw/schoolWork/deepRL/DeepRL17/hw2/game_replay_parallel.py", line 45, in action
  File "/usr/local/lib/python2.7/dist-packages/gym/core.py", line 103, in step
    ob, rew, done, _ = self.env.step(int(action))
  File "/usr/local/lib/python2.7/dist-packages/gym/core.py", line 103, in step
    observation, reward, done, info = self.env.step(action)
  File "/usr/local/lib/python2.7/dist-packages/gym/core.py", line 103, in step
    return self._step(action)
  File "/usr/local/lib/python2.7/dist-packages/gym/envs/atari/atari_env.py", line 82, in _step
    return self._step(action)
  File "/usr/local/lib/python2.7/dist-packages/gym/wrappers/time_limit.py", line 36, in _step
    return self._step(action)
    imnew = im.resize(size, resample=func[interp])
  File "/usr/local/lib/python2.7/dist-packages/gym/wrappers/time_limit.py", line 36, in _step
    return self._step(action)
  File "/usr/local/lib/python2.7/dist-packages/PIL/Image.py", line 1548, in resize
  File "/usr/local/lib/python2.7/dist-packages/gym/wrappers/time_limit.py", line 36, in _step
    ob = self._get_obs()
    observation, reward, done, info = self.env.step(action)
  File "/usr/local/lib/python2.7/dist-packages/gym/envs/atari/atari_env.py", line 101, in _get_obs
  File "/usr/local/lib/python2.7/dist-packages/gym/core.py", line 103, in step
    observation, reward, done, info = self.env.step(action)
Process AtariGame_ParallelWorker-30:
    img = self._get_image()
    observation, reward, done, info = self.env.step(action)
    return self._step(action)
  File "/usr/local/lib/python2.7/dist-packages/gym/core.py", line 103, in step
  File "/usr/local/lib/python2.7/dist-packages/gym/core.py", line 103, in step
  File "/usr/local/lib/python2.7/dist-packages/gym/envs/atari/atari_env.py", line 88, in _get_image
  File "/usr/local/lib/python2.7/dist-packages/gym/envs/atari/atari_env.py", line 81, in _step
    return self._step(action)
    return self._step(action)
    return self._buffer[:, :, [2, 1, 0]]
Traceback (most recent call last):
  File "/usr/local/lib/python2.7/dist-packages/gym/envs/atari/atari_env.py", line 81, in _step
  File "/usr/local/lib/python2.7/dist-packages/gym/envs/atari/atari_env.py", line 81, in _step
KeyboardInterrupt
  File "/usr/lib/python2.7/multiprocessing/process.py", line 258, in _bootstrap
    reward += self.ale.act(action)
    reward += self.ale.act(action)
    reward += self.ale.act(action)
  File "/usr/local/lib/python2.7/dist-packages/atari_py/ale_python_interface.py", line 141, in act
  File "/usr/local/lib/python2.7/dist-packages/atari_py/ale_python_interface.py", line 141, in act
  File "/usr/local/lib/python2.7/dist-packages/atari_py/ale_python_interface.py", line 141, in act
    return ale_lib.act(self.obj, int(action))
    return ale_lib.act(self.obj, int(action))
    return ale_lib.act(self.obj, int(action))
    self.run()
KeyboardInterrupt
  File "/home/yw/schoolWork/deepRL/DeepRL17/hw2/game_replay_parallel.py", line 172, in run
KeyboardInterrupt
KeyboardInterrupt
    self.take_rand_action(arg)
  File "/home/yw/schoolWork/deepRL/DeepRL17/hw2/game_replay_parallel.py", line 149, in take_rand_action
    self.take_action(action)
  File "/home/yw/schoolWork/deepRL/DeepRL17/hw2/game_replay_parallel.py", line 109, in take_action
    ob, rew, is_new_ep = self.game.action(action)
  File "/home/yw/schoolWork/deepRL/DeepRL17/hw2/game_replay_parallel.py", line 45, in action
    ob, rew, done, _ = self.env.step(int(action))
  File "/usr/local/lib/python2.7/dist-packages/gym/core.py", line 103, in step
    return self._new(self.im.resize(size, resample))
    return self._step(action)
KeyboardInterrupt
  File "/usr/local/lib/python2.7/dist-packages/gym/wrappers/time_limit.py", line 36, in _step
    observation, reward, done, info = self.env.step(action)
  File "/usr/local/lib/python2.7/dist-packages/gym/core.py", line 103, in step
    return self._step(action)
  File "/usr/local/lib/python2.7/dist-packages/gym/envs/atari/atari_env.py", line 81, in _step
    reward += self.ale.act(action)
  File "/usr/local/lib/python2.7/dist-packages/atari_py/ale_python_interface.py", line 141, in act
    return ale_lib.act(self.obj, int(action))
KeyboardInterrupt
Process AtariGame_ParallelWorker-25:
Traceback (most recent call last):
  File "/usr/lib/python2.7/multiprocessing/process.py", line 258, in _bootstrap
    self.run()
  File "/home/yw/schoolWork/deepRL/DeepRL17/hw2/game_replay_parallel.py", line 172, in run
    self.take_rand_action(arg)
  File "/home/yw/schoolWork/deepRL/DeepRL17/hw2/game_replay_parallel.py", line 149, in take_rand_action
    self.take_action(action)
  File "/home/yw/schoolWork/deepRL/DeepRL17/hw2/game_replay_parallel.py", line 109, in take_action
    ob, rew, is_new_ep = self.game.action(action)
  File "/home/yw/schoolWork/deepRL/DeepRL17/hw2/game_replay_parallel.py", line 45, in action
    ob, rew, done, _ = self.env.step(int(action))
  File "/usr/local/lib/python2.7/dist-packages/gym/core.py", line 103, in step
    return self._step(action)
  File "/usr/local/lib/python2.7/dist-packages/gym/wrappers/time_limit.py", line 36, in _step
Process AtariGame_ParallelWorker-18:
    observation, reward, done, info = self.env.step(action)
Traceback (most recent call last):
  File "/usr/local/lib/python2.7/dist-packages/gym/core.py", line 103, in step
Process AtariGame_ParallelWorker-5:
    return self._step(action)
  File "/usr/local/lib/python2.7/dist-packages/gym/envs/atari/atari_env.py", line 81, in _step
  File "/usr/lib/python2.7/multiprocessing/process.py", line 258, in _bootstrap
Traceback (most recent call last):
  File "/usr/lib/python2.7/multiprocessing/process.py", line 258, in _bootstrap
Process AtariGame_ParallelWorker-31:
    reward += self.ale.act(action)
Process AtariGame_ParallelWorker-24:
Traceback (most recent call last):
  File "/usr/local/lib/python2.7/dist-packages/atari_py/ale_python_interface.py", line 141, in act
Traceback (most recent call last):
  File "/usr/lib/python2.7/multiprocessing/process.py", line 258, in _bootstrap
  File "/usr/lib/python2.7/multiprocessing/process.py", line 258, in _bootstrap
    self.run()
    return ale_lib.act(self.obj, int(action))
  File "/home/yw/schoolWork/deepRL/DeepRL17/hw2/game_replay_parallel.py", line 172, in run
KeyboardInterrupt
    self.run()
  File "/home/yw/schoolWork/deepRL/DeepRL17/hw2/game_replay_parallel.py", line 172, in run
Process AtariGame_ParallelWorker-14:
    self.run()
    self.run()
Traceback (most recent call last):
  File "/home/yw/schoolWork/deepRL/DeepRL17/hw2/game_replay_parallel.py", line 172, in run
Process AtariGame_ParallelWorker-16:
  File "/home/yw/schoolWork/deepRL/DeepRL17/hw2/game_replay_parallel.py", line 172, in run
    self.take_rand_action(arg)
Traceback (most recent call last):
  File "/usr/lib/python2.7/multiprocessing/process.py", line 258, in _bootstrap
  File "/home/yw/schoolWork/deepRL/DeepRL17/hw2/game_replay_parallel.py", line 149, in take_rand_action
    self.take_action(action)
  File "/usr/lib/python2.7/multiprocessing/process.py", line 258, in _bootstrap
    self.take_rand_action(arg)
  File "/home/yw/schoolWork/deepRL/DeepRL17/hw2/game_replay_parallel.py", line 111, in take_action
  File "/home/yw/schoolWork/deepRL/DeepRL17/hw2/game_replay_parallel.py", line 149, in take_rand_action
    self.store_frame[self.store_p] = process_frame_for_storage(ob)
  File "/home/yw/schoolWork/deepRL/DeepRL17/hw2/game_replay_parallel.py", line 20, in process_frame_for_storage
    self.take_action(action)
    self.take_rand_action(arg)
  File "/home/yw/schoolWork/deepRL/DeepRL17/hw2/game_replay_parallel.py", line 111, in take_action
  File "/home/yw/schoolWork/deepRL/DeepRL17/hw2/game_replay_parallel.py", line 149, in take_rand_action
    f = scipy.misc.imresize(f, downsampled_frame_size)
    self.take_rand_action(arg)
    self.store_frame[self.store_p] = process_frame_for_storage(ob)
    self.take_action(action)
  File "/usr/local/lib/python2.7/dist-packages/scipy/misc/pilutil.py", line 488, in imresize
  File "/home/yw/schoolWork/deepRL/DeepRL17/hw2/game_replay_parallel.py", line 149, in take_rand_action
  File "/home/yw/schoolWork/deepRL/DeepRL17/hw2/game_replay_parallel.py", line 109, in take_action
  File "/home/yw/schoolWork/deepRL/DeepRL17/hw2/game_replay_parallel.py", line 20, in process_frame_for_storage
    ob, rew, is_new_ep = self.game.action(action)
    self.take_action(action)
    f = scipy.misc.imresize(f, downsampled_frame_size)
  File "/home/yw/schoolWork/deepRL/DeepRL17/hw2/game_replay_parallel.py", line 111, in take_action
  File "/usr/local/lib/python2.7/dist-packages/scipy/misc/pilutil.py", line 488, in imresize
    self.store_frame[self.store_p] = process_frame_for_storage(ob)
KeyboardInterrupt
  File "/home/yw/schoolWork/deepRL/DeepRL17/hw2/game_replay_parallel.py", line 19, in process_frame_for_storage
    f = np.mean(f, axis=2).round().astype(np.uint8)
    self.run()
    self.run()
  File "/home/yw/schoolWork/deepRL/DeepRL17/hw2/game_replay_parallel.py", line 172, in run
  File "/home/yw/schoolWork/deepRL/DeepRL17/hw2/game_replay_parallel.py", line 172, in run
KeyboardInterrupt
    imnew = im.resize(size, resample=func[interp])
  File "/usr/local/lib/python2.7/dist-packages/PIL/Image.py", line 1548, in resize
    imnew = im.resize(size, resample=func[interp])
    self.take_rand_action(arg)
    self.take_rand_action(arg)
  File "/usr/local/lib/python2.7/dist-packages/PIL/Image.py", line 1548, in resize
  File "/home/yw/schoolWork/deepRL/DeepRL17/hw2/game_replay_parallel.py", line 149, in take_rand_action
  File "/home/yw/schoolWork/deepRL/DeepRL17/hw2/game_replay_parallel.py", line 149, in take_rand_action
    self.take_action(action)
    self.take_action(action)
  File "/home/yw/schoolWork/deepRL/DeepRL17/hw2/game_replay_parallel.py", line 111, in take_action
  File "/home/yw/schoolWork/deepRL/DeepRL17/hw2/game_replay_parallel.py", line 109, in take_action
    self.store_frame[self.store_p] = process_frame_for_storage(ob)
    ob, rew, is_new_ep = self.game.action(action)
  File "/home/yw/schoolWork/deepRL/DeepRL17/hw2/game_replay_parallel.py", line 20, in process_frame_for_storage
  File "/home/yw/schoolWork/deepRL/DeepRL17/hw2/game_replay_parallel.py", line 45, in action
    ob, rew, done, _ = self.env.step(int(action))
    f = scipy.misc.imresize(f, downsampled_frame_size)
  File "/usr/local/lib/python2.7/dist-packages/scipy/misc/pilutil.py", line 488, in imresize
  File "/usr/local/lib/python2.7/dist-packages/gym/core.py", line 103, in step
    return self._step(action)
  File "/usr/local/lib/python2.7/dist-packages/gym/wrappers/time_limit.py", line 36, in _step
    imnew = im.resize(size, resample=func[interp])
  File "/usr/local/lib/python2.7/dist-packages/PIL/Image.py", line 1548, in resize
    observation, reward, done, info = self.env.step(action)
  File "/usr/local/lib/python2.7/dist-packages/gym/core.py", line 103, in step
    return self._step(action)
  File "/usr/local/lib/python2.7/dist-packages/gym/envs/atari/atari_env.py", line 82, in _step
    ob = self._get_obs()
  File "/usr/local/lib/python2.7/dist-packages/gym/envs/atari/atari_env.py", line 101, in _get_obs
    img = self._get_image()
  File "/usr/local/lib/python2.7/dist-packages/gym/envs/atari/atari_env.py", line 87, in _get_image
    self.ale.getScreenRGB(self._buffer)  # says rgb but actually bgr
  File "/usr/local/lib/python2.7/dist-packages/atari_py/ale_python_interface.py", line 203, in getScreenRGB
    return self._new(self.im.resize(size, resample))
    return self._new(self.im.resize(size, resample))
KeyboardInterrupt
    ale_lib.getScreenRGB(self.obj, as_ctypes(screen_data[:]))
  File "/usr/local/lib/python2.7/dist-packages/numpy/ctypeslib.py", line 440, in as_ctypes
KeyboardInterrupt
    ai = obj.__array_interface__
KeyboardInterrupt
    return self._new(self.im.resize(size, resample))
KeyboardInterrupt
Process AtariGame_ParallelWorker-23:
Traceback (most recent call last):
  File "/usr/lib/python2.7/multiprocessing/process.py", line 258, in _bootstrap
    self.run()
  File "/home/yw/schoolWork/deepRL/DeepRL17/hw2/game_replay_parallel.py", line 172, in run
    self.take_rand_action(arg)
  File "/home/yw/schoolWork/deepRL/DeepRL17/hw2/game_replay_parallel.py", line 149, in take_rand_action
    self.take_action(action)
  File "/home/yw/schoolWork/deepRL/DeepRL17/hw2/game_replay_parallel.py", line 111, in take_action
    self.store_frame[self.store_p] = process_frame_for_storage(ob)
  File "/home/yw/schoolWork/deepRL/DeepRL17/hw2/game_replay_parallel.py", line 19, in process_frame_for_storage
    f = np.mean(f, axis=2).round().astype(np.uint8)
KeyboardInterrupt
Traceback (most recent call last):
  File "q4.py", line 46, in <module>
    tf.app.run()
  File "/usr/local/lib/python2.7/dist-packages/tensorflow/python/platform/app.py", line 44, in run
    _sys.exit(main(_sys.argv[:1] + flags_passthrough))
  File "q4.py", line 43, in main
    train()
  File "/home/yw/schoolWork/deepRL/DeepRL17/hw2/framework.py", line 89, in __call__
    self.full_eval()
Process AtariGame_ParallelWorker-3:
  File "/home/yw/schoolWork/deepRL/DeepRL17/hw2/framework.py", line 63, in full_eval
    self.full_stats_dict[self.update_cnt] = FullEval(self.q, os.path.join(self.output_dir, 'video-%i' % self.update_cnt))()
  File "/home/yw/schoolWork/deepRL/DeepRL17/hw2/framework.py", line 23, in __call__
Traceback (most recent call last):
    GameEngine_Recorded(self.record_dir)(self.q.get_batch_actioner(), self.q.batch_size)
  File "/home/yw/schoolWork/deepRL/DeepRL17/hw2/game_replay_parallel.py", line 310, in __call__
  File "/usr/lib/python2.7/multiprocessing/process.py", line 258, in _bootstrap
    _, t = self.game.take_action([action])[0]
  File "/home/yw/schoolWork/deepRL/DeepRL17/hw2/game_replay_parallel.py", line 220, in take_action
    p.send((2, a))
KeyboardInterrupt
    self.run()
  File "/home/yw/schoolWork/deepRL/DeepRL17/hw2/game_replay_parallel.py", line 172, in run
    self.take_rand_action(arg)
  File "/home/yw/schoolWork/deepRL/DeepRL17/hw2/game_replay_parallel.py", line 149, in take_rand_action
    self.take_action(action)
  File "/home/yw/schoolWork/deepRL/DeepRL17/hw2/game_replay_parallel.py", line 111, in take_action
    self.store_frame[self.store_p] = process_frame_for_storage(ob)
  File "/home/yw/schoolWork/deepRL/DeepRL17/hw2/game_replay_parallel.py", line 20, in process_frame_for_storage
    f = scipy.misc.imresize(f, downsampled_frame_size)
  File "/usr/local/lib/python2.7/dist-packages/scipy/misc/pilutil.py", line 488, in imresize
    imnew = im.resize(size, resample=func[interp])
  File "/usr/local/lib/python2.7/dist-packages/PIL/Image.py", line 1548, in resize
Process AtariGame_ParallelWorker-1:
Process AtariGame_ParallelWorker-27:
Traceback (most recent call last):
Traceback (most recent call last):
  File "/usr/lib/python2.7/multiprocessing/process.py", line 258, in _bootstrap
  File "/usr/lib/python2.7/multiprocessing/process.py", line 258, in _bootstrap
Process AtariGame_ParallelWorker-17:
Traceback (most recent call last):
  File "/usr/lib/python2.7/multiprocessing/process.py", line 258, in _bootstrap
Process AtariGame_ParallelWorker-8:
    self.run()
  File "/home/yw/schoolWork/deepRL/DeepRL17/hw2/game_replay_parallel.py", line 172, in run
    self.run()
Traceback (most recent call last):
  File "/home/yw/schoolWork/deepRL/DeepRL17/hw2/game_replay_parallel.py", line 172, in run
    return self._new(self.im.resize(size, resample))
  File "/usr/lib/python2.7/multiprocessing/process.py", line 258, in _bootstrap
    self.run()
KeyboardInterrupt
  File "/home/yw/schoolWork/deepRL/DeepRL17/hw2/game_replay_parallel.py", line 172, in run
    self.take_rand_action(arg)
  File "/home/yw/schoolWork/deepRL/DeepRL17/hw2/game_replay_parallel.py", line 149, in take_rand_action
    self.take_rand_action(arg)
  File "/home/yw/schoolWork/deepRL/DeepRL17/hw2/game_replay_parallel.py", line 149, in take_rand_action
    self.take_rand_action(arg)
    self.take_action(action)
  File "/home/yw/schoolWork/deepRL/DeepRL17/hw2/game_replay_parallel.py", line 149, in take_rand_action
  File "/home/yw/schoolWork/deepRL/DeepRL17/hw2/game_replay_parallel.py", line 111, in take_action
    self.take_action(action)
    self.store_frame[self.store_p] = process_frame_for_storage(ob)
  File "/home/yw/schoolWork/deepRL/DeepRL17/hw2/game_replay_parallel.py", line 111, in take_action
  File "/home/yw/schoolWork/deepRL/DeepRL17/hw2/game_replay_parallel.py", line 19, in process_frame_for_storage
    self.store_frame[self.store_p] = process_frame_for_storage(ob)
  File "/home/yw/schoolWork/deepRL/DeepRL17/hw2/game_replay_parallel.py", line 19, in process_frame_for_storage
    f = np.mean(f, axis=2).round().astype(np.uint8)
    f = np.mean(f, axis=2).round().astype(np.uint8)
    self.run()
  File "/usr/local/lib/python2.7/dist-packages/numpy/core/fromnumeric.py", line 2942, in mean
KeyboardInterrupt
  File "/home/yw/schoolWork/deepRL/DeepRL17/hw2/game_replay_parallel.py", line 172, in run
    self.take_rand_action(arg)
  File "/home/yw/schoolWork/deepRL/DeepRL17/hw2/game_replay_parallel.py", line 149, in take_rand_action
    self.take_action(action)
  File "/home/yw/schoolWork/deepRL/DeepRL17/hw2/game_replay_parallel.py", line 109, in take_action
    ob, rew, is_new_ep = self.game.action(action)
  File "/home/yw/schoolWork/deepRL/DeepRL17/hw2/game_replay_parallel.py", line 45, in action
    ob, rew, done, _ = self.env.step(int(action))
  File "/usr/local/lib/python2.7/dist-packages/gym/core.py", line 103, in step
    self.take_action(action)
    return self._step(action)
  File "/home/yw/schoolWork/deepRL/DeepRL17/hw2/game_replay_parallel.py", line 111, in take_action
  File "/usr/local/lib/python2.7/dist-packages/gym/wrappers/time_limit.py", line 36, in _step
    self.store_frame[self.store_p] = process_frame_for_storage(ob)
  File "/home/yw/schoolWork/deepRL/DeepRL17/hw2/game_replay_parallel.py", line 19, in process_frame_for_storage
    f = np.mean(f, axis=2).round().astype(np.uint8)
KeyboardInterrupt
    observation, reward, done, info = self.env.step(action)
  File "/usr/local/lib/python2.7/dist-packages/gym/core.py", line 103, in step
    return self._step(action)
  File "/usr/local/lib/python2.7/dist-packages/gym/envs/atari/atari_env.py", line 81, in _step
    reward += self.ale.act(action)
  File "/usr/local/lib/python2.7/dist-packages/atari_py/ale_python_interface.py", line 141, in act
    out=out, **kwargs)
  File "/usr/local/lib/python2.7/dist-packages/numpy/core/_methods.py", line 65, in _mean
    return ale_lib.act(self.obj, int(action))
KeyboardInterrupt
    ret = umr_sum(arr, axis, dtype, out, keepdims)
KeyboardInterrupt
Process AtariGame_ParallelWorker-26:
Traceback (most recent call last):
  File "/usr/lib/python2.7/multiprocessing/process.py", line 258, in _bootstrap
Process AtariGame_ParallelWorker-6:
    self.run()
Traceback (most recent call last):
  File "/home/yw/schoolWork/deepRL/DeepRL17/hw2/game_replay_parallel.py", line 172, in run
  File "/usr/lib/python2.7/multiprocessing/process.py", line 258, in _bootstrap
    self.take_rand_action(arg)
  File "/home/yw/schoolWork/deepRL/DeepRL17/hw2/game_replay_parallel.py", line 149, in take_rand_action
    self.take_action(action)
  File "/home/yw/schoolWork/deepRL/DeepRL17/hw2/game_replay_parallel.py", line 111, in take_action
    self.store_frame[self.store_p] = process_frame_for_storage(ob)
  File "/home/yw/schoolWork/deepRL/DeepRL17/hw2/game_replay_parallel.py", line 19, in process_frame_for_storage
    f = np.mean(f, axis=2).round().astype(np.uint8)
  File "/usr/local/lib/python2.7/dist-packages/numpy/core/fromnumeric.py", line 2942, in mean
    self.run()
  File "/home/yw/schoolWork/deepRL/DeepRL17/hw2/game_replay_parallel.py", line 172, in run
    self.take_rand_action(arg)
  File "/home/yw/schoolWork/deepRL/DeepRL17/hw2/game_replay_parallel.py", line 149, in take_rand_action
    self.take_action(action)
  File "/home/yw/schoolWork/deepRL/DeepRL17/hw2/game_replay_parallel.py", line 111, in take_action
    self.store_frame[self.store_p] = process_frame_for_storage(ob)
  File "/home/yw/schoolWork/deepRL/DeepRL17/hw2/game_replay_parallel.py", line 20, in process_frame_for_storage
    f = scipy.misc.imresize(f, downsampled_frame_size)
  File "/usr/local/lib/python2.7/dist-packages/scipy/misc/pilutil.py", line 488, in imresize
    imnew = im.resize(size, resample=func[interp])
  File "/usr/local/lib/python2.7/dist-packages/PIL/Image.py", line 1548, in resize
Process AtariGame_ParallelWorker-4:
Traceback (most recent call last):
  File "/usr/lib/python2.7/multiprocessing/process.py", line 258, in _bootstrap
    out=out, **kwargs)
  File "/usr/local/lib/python2.7/dist-packages/numpy/core/_methods.py", line 65, in _mean
    self.run()
  File "/home/yw/schoolWork/deepRL/DeepRL17/hw2/game_replay_parallel.py", line 172, in run
    ret = umr_sum(arr, axis, dtype, out, keepdims)
KeyboardInterrupt
    self.take_rand_action(arg)
  File "/home/yw/schoolWork/deepRL/DeepRL17/hw2/game_replay_parallel.py", line 149, in take_rand_action
    self.take_action(action)
  File "/home/yw/schoolWork/deepRL/DeepRL17/hw2/game_replay_parallel.py", line 109, in take_action
    ob, rew, is_new_ep = self.game.action(action)
  File "/home/yw/schoolWork/deepRL/DeepRL17/hw2/game_replay_parallel.py", line 45, in action
    ob, rew, done, _ = self.env.step(int(action))
    return self._new(self.im.resize(size, resample))
  File "/usr/local/lib/python2.7/dist-packages/gym/core.py", line 103, in step
KeyboardInterrupt
    return self._step(action)
  File "/usr/local/lib/python2.7/dist-packages/gym/wrappers/time_limit.py", line 36, in _step
    observation, reward, done, info = self.env.step(action)
  File "/usr/local/lib/python2.7/dist-packages/gym/core.py", line 103, in step
    return self._step(action)
  File "/usr/local/lib/python2.7/dist-packages/gym/envs/atari/atari_env.py", line 81, in _step
    reward += self.ale.act(action)
  File "/usr/local/lib/python2.7/dist-packages/atari_py/ale_python_interface.py", line 141, in act
    return ale_lib.act(self.obj, int(action))
KeyboardInterrupt
Process AtariGame_ParallelWorker-19:
Traceback (most recent call last):
  File "/usr/lib/python2.7/multiprocessing/process.py", line 258, in _bootstrap
    self.run()
  File "/home/yw/schoolWork/deepRL/DeepRL17/hw2/game_replay_parallel.py", line 172, in run
    self.take_rand_action(arg)
  File "/home/yw/schoolWork/deepRL/DeepRL17/hw2/game_replay_parallel.py", line 149, in take_rand_action
    self.take_action(action)
  File "/home/yw/schoolWork/deepRL/DeepRL17/hw2/game_replay_parallel.py", line 109, in take_action
    ob, rew, is_new_ep = self.game.action(action)
  File "/home/yw/schoolWork/deepRL/DeepRL17/hw2/game_replay_parallel.py", line 45, in action
    ob, rew, done, _ = self.env.step(int(action))
  File "/usr/local/lib/python2.7/dist-packages/gym/core.py", line 103, in step
    return self._step(action)
  File "/usr/local/lib/python2.7/dist-packages/gym/wrappers/time_limit.py", line 36, in _step
    observation, reward, done, info = self.env.step(action)
  File "/usr/local/lib/python2.7/dist-packages/gym/core.py", line 103, in step
    return self._step(action)
  File "/usr/local/lib/python2.7/dist-packages/gym/envs/atari/atari_env.py", line 81, in _step
    reward += self.ale.act(action)
  File "/usr/local/lib/python2.7/dist-packages/atari_py/ale_python_interface.py", line 141, in act
    return ale_lib.act(self.obj, int(action))
KeyboardInterrupt
Process AtariGame_ParallelWorker-20:
Traceback (most recent call last):
  File "/usr/lib/python2.7/multiprocessing/process.py", line 258, in _bootstrap
    self.run()
  File "/home/yw/schoolWork/deepRL/DeepRL17/hw2/game_replay_parallel.py", line 172, in run
    self.take_rand_action(arg)
  File "/home/yw/schoolWork/deepRL/DeepRL17/hw2/game_replay_parallel.py", line 149, in take_rand_action
    self.take_action(action)
  File "/home/yw/schoolWork/deepRL/DeepRL17/hw2/game_replay_parallel.py", line 109, in take_action
    ob, rew, is_new_ep = self.game.action(action)
  File "/home/yw/schoolWork/deepRL/DeepRL17/hw2/game_replay_parallel.py", line 49, in action
    ob = self.reset()
  File "/home/yw/schoolWork/deepRL/DeepRL17/hw2/game_replay_parallel.py", line 41, in reset
    return self.env.reset()
  File "/usr/local/lib/python2.7/dist-packages/gym/core.py", line 111, in reset
    return self._reset()
  File "/usr/local/lib/python2.7/dist-packages/gym/wrappers/time_limit.py", line 49, in _reset
    return self.env.reset()
  File "/usr/local/lib/python2.7/dist-packages/gym/core.py", line 111, in reset
    return self._reset()
  File "/usr/local/lib/python2.7/dist-packages/gym/envs/atari/atari_env.py", line 106, in _reset
    self.ale.reset_game()
  File "/usr/local/lib/python2.7/dist-packages/atari_py/ale_python_interface.py", line 147, in reset_game
    ale_lib.reset_game(self.obj)
KeyboardInterrupt
